STEP-PRE-COPY-CERT

>> No custom cert found, skipping


STEP-BUILD-AND-PUSH

[36mINFO[0m[0000] Retrieving image manifest registry-sip.cba.gov.ar:5000/node20instantclientwebsocat:0.0.1 
[36mINFO[0m[0000] Retrieving image registry-sip.cba.gov.ar:5000/node20instantclientwebsocat:0.0.1 from registry registry-sip.cba.gov.ar:5000 
[36mINFO[0m[0000] Built cross stage deps: map[]                
[36mINFO[0m[0000] Retrieving image manifest registry-sip.cba.gov.ar:5000/node20instantclientwebsocat:0.0.1 
[36mINFO[0m[0000] Returning cached image manifest              
[36mINFO[0m[0000] Executing 0 build triggers                   
[36mINFO[0m[0000] Unpacking rootfs as cmd RUN apt-get update && apt-get install -y nginx tzdata requires it. 
[36mINFO[0m[0014] ARG GOB_PROXY                                
[36mINFO[0m[0014] ARG HTTPS_PROXY=$GOB_PROXY                   
[36mINFO[0m[0014] ARG HTTP_PROXY=$GOB_PROXY                    
[36mINFO[0m[0014] RUN apt-get update && apt-get install -y nginx tzdata 
[36mINFO[0m[0014] Taking snapshot of full filesystem...        
[36mINFO[0m[0018] cmd: /bin/sh                                 
[36mINFO[0m[0018] args: [-c apt-get update && apt-get install -y nginx tzdata] 
[36mINFO[0m[0018] Running: [/bin/sh -c apt-get update && apt-get install -y nginx tzdata] 
Get:1 http://security.ubuntu.com/ubuntu focal-security InRelease [128 kB]
Hit:2 http://archive.ubuntu.com/ubuntu focal InRelease
Get:3 http://archive.ubuntu.com/ubuntu focal-updates InRelease [128 kB]
Get:4 http://security.ubuntu.com/ubuntu focal-security/restricted amd64 Packages [4710 kB]
Get:5 http://archive.ubuntu.com/ubuntu focal-backports InRelease [128 kB]
Get:6 http://archive.ubuntu.com/ubuntu focal-updates/multiverse amd64 Packages [36.2 kB]
Get:7 http://archive.ubuntu.com/ubuntu focal-updates/main amd64 Packages [4850 kB]
Get:8 http://security.ubuntu.com/ubuntu focal-security/multiverse amd64 Packages [32.5 kB]
Get:9 http://security.ubuntu.com/ubuntu focal-security/universe amd64 Packages [1300 kB]
Get:10 http://security.ubuntu.com/ubuntu focal-security/main amd64 Packages [4366 kB]
Get:11 http://archive.ubuntu.com/ubuntu focal-updates/universe amd64 Packages [1588 kB]
Get:12 http://archive.ubuntu.com/ubuntu focal-updates/restricted amd64 Packages [4904 kB]
Get:13 http://archive.ubuntu.com/ubuntu focal-backports/universe amd64 Packages [28.4 kB]
Get:14 http://archive.ubuntu.com/ubuntu focal-backports/main amd64 Packages [54.7 kB]
Fetched 22.3 MB in 6s (3480 kB/s)
Reading package lists...
Reading package lists...
Building dependency tree...
Reading state information...
The following additional packages will be installed:
  iproute2 libatm1 libbsd0 libcap2 libcap2-bin libelf1 libgd3 libjbig0
  libjpeg-turbo8 libjpeg8 libmnl0 libnginx-mod-http-image-filter
  libnginx-mod-http-xslt-filter libnginx-mod-mail libnginx-mod-stream
  libpam-cap libtiff5 libwebp6 libx11-6 libx11-data libxau6 libxcb1 libxdmcp6
  libxml2 libxpm4 libxslt1.1 libxtables12 nginx-common nginx-core
Suggested packages:
  iproute2-doc libgd-tools fcgiwrap nginx-doc ssl-cert
The following NEW packages will be installed:
  iproute2 libatm1 libbsd0 libcap2 libcap2-bin libelf1 libgd3 libjbig0
  libjpeg-turbo8 libjpeg8 libmnl0 libnginx-mod-http-image-filter
  libnginx-mod-http-xslt-filter libnginx-mod-mail libnginx-mod-stream
  libpam-cap libtiff5 libwebp6 libx11-6 libx11-data libxau6 libxcb1 libxdmcp6
  libxml2 libxpm4 libxslt1.1 libxtables12 nginx nginx-common nginx-core
The following packages will be upgraded:
  tzdata
1 upgraded, 30 newly installed, 0 to remove and 48 not upgraded.
Need to get 4159 kB of archives.
After this operation, 13.8 MB of additional disk space will be used.
Get:1 http://archive.ubuntu.com/ubuntu focal/main amd64 libbsd0 amd64 0.10.0-1 [45.4 kB]
Get:2 http://archive.ubuntu.com/ubuntu focal-updates/main amd64 libcap2 amd64 1:2.32-1ubuntu0.2 [15.7 kB]
Get:3 http://archive.ubuntu.com/ubuntu focal-updates/main amd64 libelf1 amd64 0.176-1.1ubuntu0.1 [44.2 kB]
Get:4 http://archive.ubuntu.com/ubuntu focal/main amd64 libmnl0 amd64 1.0.4-2 [12.3 kB]
Get:5 http://archive.ubuntu.com/ubuntu focal-updates/main amd64 libxtables12 amd64 1.8.4-3ubuntu2.1 [28.7 kB]
Get:6 http://archive.ubuntu.com/ubuntu focal-updates/main amd64 libcap2-bin amd64 1:2.32-1ubuntu0.2 [26.2 kB]
Get:7 http://archive.ubuntu.com/ubuntu focal/main amd64 iproute2 amd64 5.5.0-1ubuntu1 [858 kB]
Get:8 http://archive.ubuntu.com/ubuntu focal/main amd64 libatm1 amd64 1:2.5.1-4 [21.8 kB]
Get:9 http://archive.ubuntu.com/ubuntu focal-updates/main amd64 libpam-cap amd64 1:2.32-1ubuntu0.2 [8376 B]
Get:10 http://archive.ubuntu.com/ubuntu focal-updates/main amd64 libxml2 amd64 2.9.10+dfsg-5ubuntu0.20.04.10 [640 kB]
Get:11 http://archive.ubuntu.com/ubuntu focal-updates/main amd64 tzdata all 2025b-0ubuntu0.20.04.1 [300 kB]
Get:12 http://archive.ubuntu.com/ubuntu focal/main amd64 libxau6 amd64 1:1.0.9-0ubuntu1 [7488 B]
Get:13 http://archive.ubuntu.com/ubuntu focal/main amd64 libxdmcp6 amd64 1:1.1.3-0ubuntu1 [10.6 kB]
Get:14 http://archive.ubuntu.com/ubuntu focal/main amd64 libxcb1 amd64 1.14-2 [44.7 kB]
Get:15 http://archive.ubuntu.com/ubuntu focal-updates/main amd64 libx11-data all 2:1.6.9-2ubuntu1.6 [114 kB]
Get:16 http://archive.ubuntu.com/ubuntu focal-updates/main amd64 libx11-6 amd64 2:1.6.9-2ubuntu1.6 [577 kB]
Get:17 http://archive.ubuntu.com/ubuntu focal-updates/main amd64 libjpeg-turbo8 amd64 2.0.3-0ubuntu1.20.04.3 [118 kB]
Get:18 http://archive.ubuntu.com/ubuntu focal/main amd64 libjpeg8 amd64 8c-2ubuntu8 [2194 B]
Get:19 http://archive.ubuntu.com/ubuntu focal-updates/main amd64 libjbig0 amd64 2.1-3.1ubuntu0.20.04.1 [27.3 kB]
Get:20 http://archive.ubuntu.com/ubuntu focal-updates/main amd64 libwebp6 amd64 0.6.1-2ubuntu0.20.04.3 [185 kB]
Get:21 http://archive.ubuntu.com/ubuntu focal-updates/main amd64 libtiff5 amd64 4.1.0+git191117-2ubuntu0.20.04.14 [164 kB]
Get:22 http://archive.ubuntu.com/ubuntu focal-updates/main amd64 libxpm4 amd64 1:3.5.12-1ubuntu0.20.04.2 [34.9 kB]
Get:23 http://archive.ubuntu.com/ubuntu focal-updates/main amd64 libgd3 amd64 2.2.5-5.2ubuntu2.4 [118 kB]
Get:24 http://archive.ubuntu.com/ubuntu focal-updates/main amd64 nginx-common all 1.18.0-0ubuntu1.7 [37.8 kB]
Get:25 http://archive.ubuntu.com/ubuntu focal-updates/main amd64 libnginx-mod-http-image-filter amd64 1.18.0-0ubuntu1.7 [14.8 kB]
Get:26 http://archive.ubuntu.com/ubuntu focal-updates/main amd64 libxslt1.1 amd64 1.1.34-4ubuntu0.20.04.3 [151 kB]
Get:27 http://archive.ubuntu.com/ubuntu focal-updates/main amd64 libnginx-mod-http-xslt-filter amd64 1.18.0-0ubuntu1.7 [13.1 kB]
Get:28 http://archive.ubuntu.com/ubuntu focal-updates/main amd64 libnginx-mod-mail amd64 1.18.0-0ubuntu1.7 [43.0 kB]
Get:29 http://archive.ubuntu.com/ubuntu focal-updates/main amd64 libnginx-mod-stream amd64 1.18.0-0ubuntu1.7 [67.3 kB]
Get:30 http://archive.ubuntu.com/ubuntu focal-updates/main amd64 nginx-core amd64 1.18.0-0ubuntu1.7 [425 kB]
Get:31 http://archive.ubuntu.com/ubuntu focal-updates/main amd64 nginx all 1.18.0-0ubuntu1.7 [3620 B]
debconf: delaying package configuration, since apt-utils is not installed
Fetched 4159 kB in 11s (377 kB/s)
Selecting previously unselected package libbsd0:amd64.
(Reading database ... 
(Reading database ... 5%
(Reading database ... 10%
(Reading database ... 15%
(Reading database ... 20%
(Reading database ... 25%
(Reading database ... 30%
(Reading database ... 35%
(Reading database ... 40%
(Reading database ... 45%
(Reading database ... 50%
(Reading database ... 55%
(Reading database ... 60%
(Reading database ... 65%
(Reading database ... 70%
(Reading database ... 75%
(Reading database ... 80%
(Reading database ... 85%
(Reading database ... 90%
(Reading database ... 95%
(Reading database ... 100%
(Reading database ... 7271 files and directories currently installed.)
Preparing to unpack .../00-libbsd0_0.10.0-1_amd64.deb ...
Unpacking libbsd0:amd64 (0.10.0-1) ...
Selecting previously unselected package libcap2:amd64.
Preparing to unpack .../01-libcap2_1%3a2.32-1ubuntu0.2_amd64.deb ...
Unpacking libcap2:amd64 (1:2.32-1ubuntu0.2) ...
Selecting previously unselected package libelf1:amd64.
Preparing to unpack .../02-libelf1_0.176-1.1ubuntu0.1_amd64.deb ...
Unpacking libelf1:amd64 (0.176-1.1ubuntu0.1) ...
Selecting previously unselected package libmnl0:amd64.
Preparing to unpack .../03-libmnl0_1.0.4-2_amd64.deb ...
Unpacking libmnl0:amd64 (1.0.4-2) ...
Selecting previously unselected package libxtables12:amd64.
Preparing to unpack .../04-libxtables12_1.8.4-3ubuntu2.1_amd64.deb ...
Unpacking libxtables12:amd64 (1.8.4-3ubuntu2.1) ...
Selecting previously unselected package libcap2-bin.
Preparing to unpack .../05-libcap2-bin_1%3a2.32-1ubuntu0.2_amd64.deb ...
Unpacking libcap2-bin (1:2.32-1ubuntu0.2) ...
Selecting previously unselected package iproute2.
Preparing to unpack .../06-iproute2_5.5.0-1ubuntu1_amd64.deb ...
Unpacking iproute2 (5.5.0-1ubuntu1) ...
Selecting previously unselected package libatm1:amd64.
Preparing to unpack .../07-libatm1_1%3a2.5.1-4_amd64.deb ...
Unpacking libatm1:amd64 (1:2.5.1-4) ...
Selecting previously unselected package libpam-cap:amd64.
Preparing to unpack .../08-libpam-cap_1%3a2.32-1ubuntu0.2_amd64.deb ...
Unpacking libpam-cap:amd64 (1:2.32-1ubuntu0.2) ...
Selecting previously unselected package libxml2:amd64.
Preparing to unpack .../09-libxml2_2.9.10+dfsg-5ubuntu0.20.04.10_amd64.deb ...
Unpacking libxml2:amd64 (2.9.10+dfsg-5ubuntu0.20.04.10) ...
Preparing to unpack .../10-tzdata_2025b-0ubuntu0.20.04.1_all.deb ...
Unpacking tzdata (2025b-0ubuntu0.20.04.1) over (2024a-0ubuntu0.20.04) ...
Selecting previously unselected package libxau6:amd64.
Preparing to unpack .../11-libxau6_1%3a1.0.9-0ubuntu1_amd64.deb ...
Unpacking libxau6:amd64 (1:1.0.9-0ubuntu1) ...
Selecting previously unselected package libxdmcp6:amd64.
Preparing to unpack .../12-libxdmcp6_1%3a1.1.3-0ubuntu1_amd64.deb ...
Unpacking libxdmcp6:amd64 (1:1.1.3-0ubuntu1) ...
Selecting previously unselected package libxcb1:amd64.
Preparing to unpack .../13-libxcb1_1.14-2_amd64.deb ...
Unpacking libxcb1:amd64 (1.14-2) ...
Selecting previously unselected package libx11-data.
Preparing to unpack .../14-libx11-data_2%3a1.6.9-2ubuntu1.6_all.deb ...
Unpacking libx11-data (2:1.6.9-2ubuntu1.6) ...
Selecting previously unselected package libx11-6:amd64.
Preparing to unpack .../15-libx11-6_2%3a1.6.9-2ubuntu1.6_amd64.deb ...
Unpacking libx11-6:amd64 (2:1.6.9-2ubuntu1.6) ...
Selecting previously unselected package libjpeg-turbo8:amd64.
Preparing to unpack .../16-libjpeg-turbo8_2.0.3-0ubuntu1.20.04.3_amd64.deb ...
Unpacking libjpeg-turbo8:amd64 (2.0.3-0ubuntu1.20.04.3) ...
Selecting previously unselected package libjpeg8:amd64.
Preparing to unpack .../17-libjpeg8_8c-2ubuntu8_amd64.deb ...
Unpacking libjpeg8:amd64 (8c-2ubuntu8) ...
Selecting previously unselected package libjbig0:amd64.
Preparing to unpack .../18-libjbig0_2.1-3.1ubuntu0.20.04.1_amd64.deb ...
Unpacking libjbig0:amd64 (2.1-3.1ubuntu0.20.04.1) ...
Selecting previously unselected package libwebp6:amd64.
Preparing to unpack .../19-libwebp6_0.6.1-2ubuntu0.20.04.3_amd64.deb ...
Unpacking libwebp6:amd64 (0.6.1-2ubuntu0.20.04.3) ...
Selecting previously unselected package libtiff5:amd64.
Preparing to unpack .../20-libtiff5_4.1.0+git191117-2ubuntu0.20.04.14_amd64.deb ...
Unpacking libtiff5:amd64 (4.1.0+git191117-2ubuntu0.20.04.14) ...
Selecting previously unselected package libxpm4:amd64.
Preparing to unpack .../21-libxpm4_1%3a3.5.12-1ubuntu0.20.04.2_amd64.deb ...
Unpacking libxpm4:amd64 (1:3.5.12-1ubuntu0.20.04.2) ...
Selecting previously unselected package libgd3:amd64.
Preparing to unpack .../22-libgd3_2.2.5-5.2ubuntu2.4_amd64.deb ...
Unpacking libgd3:amd64 (2.2.5-5.2ubuntu2.4) ...
Selecting previously unselected package nginx-common.
Preparing to unpack .../23-nginx-common_1.18.0-0ubuntu1.7_all.deb ...
Unpacking nginx-common (1.18.0-0ubuntu1.7) ...
Selecting previously unselected package libnginx-mod-http-image-filter.
Preparing to unpack .../24-libnginx-mod-http-image-filter_1.18.0-0ubuntu1.7_amd64.deb ...
Unpacking libnginx-mod-http-image-filter (1.18.0-0ubuntu1.7) ...
Selecting previously unselected package libxslt1.1:amd64.
Preparing to unpack .../25-libxslt1.1_1.1.34-4ubuntu0.20.04.3_amd64.deb ...
Unpacking libxslt1.1:amd64 (1.1.34-4ubuntu0.20.04.3) ...
Selecting previously unselected package libnginx-mod-http-xslt-filter.
Preparing to unpack .../26-libnginx-mod-http-xslt-filter_1.18.0-0ubuntu1.7_amd64.deb ...
Unpacking libnginx-mod-http-xslt-filter (1.18.0-0ubuntu1.7) ...
Selecting previously unselected package libnginx-mod-mail.
Preparing to unpack .../27-libnginx-mod-mail_1.18.0-0ubuntu1.7_amd64.deb ...
Unpacking libnginx-mod-mail (1.18.0-0ubuntu1.7) ...
Selecting previously unselected package libnginx-mod-stream.
Preparing to unpack .../28-libnginx-mod-stream_1.18.0-0ubuntu1.7_amd64.deb ...
Unpacking libnginx-mod-stream (1.18.0-0ubuntu1.7) ...
Selecting previously unselected package nginx-core.
Preparing to unpack .../29-nginx-core_1.18.0-0ubuntu1.7_amd64.deb ...
Unpacking nginx-core (1.18.0-0ubuntu1.7) ...
Selecting previously unselected package nginx.
Preparing to unpack .../30-nginx_1.18.0-0ubuntu1.7_all.deb ...
Unpacking nginx (1.18.0-0ubuntu1.7) ...
Setting up libxau6:amd64 (1:1.0.9-0ubuntu1) ...
Setting up nginx-common (1.18.0-0ubuntu1.7) ...
debconf: unable to initialize frontend: Dialog
debconf: (TERM is not set, so the dialog frontend is not usable.)
debconf: falling back to frontend: Readline
debconf: unable to initialize frontend: Readline
debconf: (Can't locate Term/ReadLine.pm in @INC (you may need to install the Term::ReadLine module) (@INC contains: /etc/perl /usr/local/lib/x86_64-linux-gnu/perl/5.30.0 /usr/local/share/perl/5.30.0 /usr/lib/x86_64-linux-gnu/perl5/5.30 /usr/share/perl5 /usr/lib/x86_64-linux-gnu/perl/5.30 /usr/share/perl/5.30 /usr/local/lib/site_perl /usr/lib/x86_64-linux-gnu/perl-base) at /usr/share/perl5/Debconf/FrontEnd/Readline.pm line 7.)
debconf: falling back to frontend: Teletype
Setting up libatm1:amd64 (1:2.5.1-4) ...
Setting up libjbig0:amd64 (2.1-3.1ubuntu0.20.04.1) ...
Setting up libcap2:amd64 (1:2.32-1ubuntu0.2) ...
Setting up tzdata (2025b-0ubuntu0.20.04.1) ...
debconf: unable to initialize frontend: Dialog
debconf: (TERM is not set, so the dialog frontend is not usable.)
debconf: falling back to frontend: Readline
debconf: unable to initialize frontend: Readline
debconf: (Can't locate Term/ReadLine.pm in @INC (you may need to install the Term::ReadLine module) (@INC contains: /etc/perl /usr/local/lib/x86_64-linux-gnu/perl/5.30.0 /usr/local/share/perl/5.30.0 /usr/lib/x86_64-linux-gnu/perl5/5.30 /usr/share/perl5 /usr/lib/x86_64-linux-gnu/perl/5.30 /usr/share/perl/5.30 /usr/local/lib/site_perl /usr/lib/x86_64-linux-gnu/perl-base) at /usr/share/perl5/Debconf/FrontEnd/Readline.pm line 7.)
debconf: falling back to frontend: Teletype

Current default time zone: 'Etc/UTC'
Local time is now:      Wed Apr 22 14:35:04 UTC 2026.
Universal Time is now:  Wed Apr 22 14:35:04 UTC 2026.
Run 'dpkg-reconfigure tzdata' if you wish to change it.

Setting up libcap2-bin (1:2.32-1ubuntu0.2) ...
Setting up libx11-data (2:1.6.9-2ubuntu1.6) ...
Setting up libmnl0:amd64 (1.0.4-2) ...
Setting up libwebp6:amd64 (0.6.1-2ubuntu0.20.04.3) ...
Setting up libjpeg-turbo8:amd64 (2.0.3-0ubuntu1.20.04.3) ...
Setting up libxtables12:amd64 (1.8.4-3ubuntu2.1) ...
Setting up libbsd0:amd64 (0.10.0-1) ...
Setting up libelf1:amd64 (0.176-1.1ubuntu0.1) ...
Setting up libpam-cap:amd64 (1:2.32-1ubuntu0.2) ...
debconf: unable to initialize frontend: Dialog
debconf: (TERM is not set, so the dialog frontend is not usable.)
debconf: falling back to frontend: Readline
debconf: unable to initialize frontend: Readline
debconf: (Can't locate Term/ReadLine.pm in @INC (you may need to install the Term::ReadLine module) (@INC contains: /etc/perl /usr/local/lib/x86_64-linux-gnu/perl/5.30.0 /usr/local/share/perl/5.30.0 /usr/lib/x86_64-linux-gnu/perl5/5.30 /usr/share/perl5 /usr/lib/x86_64-linux-gnu/perl/5.30 /usr/share/perl/5.30 /usr/local/lib/site_perl /usr/lib/x86_64-linux-gnu/perl-base) at /usr/share/perl5/Debconf/FrontEnd/Readline.pm line 7.)
debconf: falling back to frontend: Teletype
Setting up libxml2:amd64 (2.9.10+dfsg-5ubuntu0.20.04.10) ...
Setting up libjpeg8:amd64 (8c-2ubuntu8) ...
Setting up libnginx-mod-mail (1.18.0-0ubuntu1.7) ...
Setting up libxdmcp6:amd64 (1:1.1.3-0ubuntu1) ...
Setting up libxcb1:amd64 (1.14-2) ...
Setting up iproute2 (5.5.0-1ubuntu1) ...
debconf: unable to initialize frontend: Dialog
debconf: (TERM is not set, so the dialog frontend is not usable.)
debconf: falling back to frontend: Readline
debconf: unable to initialize frontend: Readline
debconf: (Can't locate Term/ReadLine.pm in @INC (you may need to install the Term::ReadLine module) (@INC contains: /etc/perl /usr/local/lib/x86_64-linux-gnu/perl/5.30.0 /usr/local/share/perl/5.30.0 /usr/lib/x86_64-linux-gnu/perl5/5.30 /usr/share/perl5 /usr/lib/x86_64-linux-gnu/perl/5.30 /usr/share/perl/5.30 /usr/local/lib/site_perl /usr/lib/x86_64-linux-gnu/perl-base) at /usr/share/perl5/Debconf/FrontEnd/Readline.pm line 7.)
debconf: falling back to frontend: Teletype
Setting up libnginx-mod-stream (1.18.0-0ubuntu1.7) ...
Setting up libxslt1.1:amd64 (1.1.34-4ubuntu0.20.04.3) ...
Setting up libx11-6:amd64 (2:1.6.9-2ubuntu1.6) ...
Setting up libtiff5:amd64 (4.1.0+git191117-2ubuntu0.20.04.14) ...
Setting up libxpm4:amd64 (1:3.5.12-1ubuntu0.20.04.2) ...
Setting up libnginx-mod-http-xslt-filter (1.18.0-0ubuntu1.7) ...
Setting up libgd3:amd64 (2.2.5-5.2ubuntu2.4) ...
Setting up libnginx-mod-http-image-filter (1.18.0-0ubuntu1.7) ...
Setting up nginx-core (1.18.0-0ubuntu1.7) ...
invoke-rc.d: could not determine current runlevel
invoke-rc.d: policy-rc.d denied execution of start.
Setting up nginx (1.18.0-0ubuntu1.7) ...
Processing triggers for libc-bin (2.31-0ubuntu9.14) ...
[36mINFO[0m[0045] Taking snapshot of full filesystem...        
[36mINFO[0m[0049] RUN ln -sf /usr/share/zoneinfo/America/Argentina/Buenos_Aires /etc/localtime     && dpkg-reconfigure -f noninteractive tzdata 
[36mINFO[0m[0049] cmd: /bin/sh                                 
[36mINFO[0m[0049] args: [-c ln -sf /usr/share/zoneinfo/America/Argentina/Buenos_Aires /etc/localtime     && dpkg-reconfigure -f noninteractive tzdata] 
[36mINFO[0m[0049] Running: [/bin/sh -c ln -sf /usr/share/zoneinfo/America/Argentina/Buenos_Aires /etc/localtime     && dpkg-reconfigure -f noninteractive tzdata] 

Current default time zone: 'America/Argentina/Buenos_Aires'
Local time is now:      Wed Apr 22 11:35:10 -03 2026.
Universal Time is now:  Wed Apr 22 14:35:10 UTC 2026.

[36mINFO[0m[0049] Taking snapshot of full filesystem...        
[36mINFO[0m[0050] WORKDIR /app                                 
[36mINFO[0m[0050] cmd: workdir                                 
[36mINFO[0m[0050] Changed working directory to /app            
[36mINFO[0m[0050] Creating directory /app                      
[36mINFO[0m[0050] Taking snapshot of files...                  
[36mINFO[0m[0050] COPY . .                                     
[36mINFO[0m[0050] Taking snapshot of files...                  
[36mINFO[0m[0050] RUN echo "Acquire::http::Proxy \"${HTTP_PROXY}/\";" >> /etc/apt/apt.conf.d/proxy.conf     && echo "Acquire::https::Proxy \"${HTTPS_PROXY}/\";" >> /etc/apt/apt.conf.d/proxy.conf 
[36mINFO[0m[0050] cmd: /bin/sh                                 
[36mINFO[0m[0050] args: [-c echo "Acquire::http::Proxy \"${HTTP_PROXY}/\";" >> /etc/apt/apt.conf.d/proxy.conf     && echo "Acquire::https::Proxy \"${HTTPS_PROXY}/\";" >> /etc/apt/apt.conf.d/proxy.conf] 
[36mINFO[0m[0050] Running: [/bin/sh -c echo "Acquire::http::Proxy \"${HTTP_PROXY}/\";" >> /etc/apt/apt.conf.d/proxy.conf     && echo "Acquire::https::Proxy \"${HTTPS_PROXY}/\";" >> /etc/apt/apt.conf.d/proxy.conf] 
[36mINFO[0m[0050] Taking snapshot of full filesystem...        
[36mINFO[0m[0051] RUN npm install                              
[36mINFO[0m[0051] cmd: /bin/sh                                 
[36mINFO[0m[0051] args: [-c npm install]                       
[36mINFO[0m[0051] Running: [/bin/sh -c npm install]            
npm WARN deprecated inflight@1.0.6: This module is not supported, and leaks memory. Do not use it. Check out lru-cache if you want a good and tested way to coalesce async requests by a key value, which is much more comprehensive and powerful.
npm WARN deprecated rimraf@3.0.2: Rimraf versions prior to v4 are no longer supported
npm WARN deprecated npmlog@5.0.1: This package is no longer supported.
npm WARN deprecated are-we-there-yet@2.0.0: This package is no longer supported.
npm WARN deprecated glob@7.2.3: Old versions of glob are not supported, and contain widely publicized security vulnerabilities, which have been fixed in the current version. Please update. Support for old versions may be purchased (at exorbitant rates) by contacting i@izs.me
npm WARN deprecated gauge@3.0.2: This package is no longer supported.
npm WARN deprecated lezer-tree@0.8.4: This package has been replaced by @lezer/common
npm WARN deprecated lezer@0.8.5: This package has been replaced by @lezer/lr
npm WARN deprecated lodash@4.18.0: Bad release. Please use lodash@4.17.21 instead.

added 741 packages, and audited 742 packages in 21s

97 packages are looking for funding
  run `npm fund` for details

2 vulnerabilities (1 low, 1 high)

To address issues that do not require attention, run:
  npm audit fix

Some issues need review, and may require choosing
a different dependency.

Run `npm audit` for details.
npm notice 
npm notice New major version of npm available! 10.2.4 -> 11.12.1
npm notice Changelog: <https://github.com/npm/cli/releases/tag/v11.12.1>
npm notice Run `npm install -g npm@11.12.1` to update!
npm notice 
[36mINFO[0m[0073] Taking snapshot of full filesystem...        
[36mINFO[0m[0086] COPY nginx.conf /etc/nginx/nginx.conf        
[36mINFO[0m[0086] Taking snapshot of files...                  
[36mINFO[0m[0086] EXPOSE  4000                                 
[36mINFO[0m[0086] cmd: EXPOSE                                  
[36mINFO[0m[0086] Adding exposed port: 4000/tcp                
[36mINFO[0m[0086] USER node                                    
[36mINFO[0m[0086] cmd: USER                                    
[36mINFO[0m[0086] CMD ["sh", "-c", "npm run start & nginx -g 'daemon off;'"] 
[36mINFO[0m[0086] Pushing image to registry-sip.cba.gov.ar:5000/ws-copernico-suite-back-cop:release-1.0.43 
[36mINFO[0m[0089] Pushed registry-sip.cba.gov.ar:5000/ws-copernico-suite-back-cop@sha256:e698c5b8fdd9e6af0b039379c05e8b18683cc93d556192602a8d723db41a74d9 


STEP-WRITE-URL

registry-sip.cba.gov.ar:5000/ws-copernico-suite-back-cop:release-1.0.43